<?xml version="1.0" encoding="UTF-8"?>
<!-- Generated by org.testng.reporters.JUnitXMLReporter -->
<testsuite ignored="0" hostname="ABHISHEK-K-H-96" failures="0" tests="1" name="Default test" time="0.145" errors="0" timestamp="2022-09-20T22:36:59 IST">
  <testcase classname="org.tyss.ProvidenceSMS.genericUtility.BaseClass" name="@BeforeClass classSetup" time="0.01">
    <failure type="java.lang.Error" message="Unresolved compilation problems: 
	The type java.time.Duration cannot be resolved. It is indirectly referenced from required .class files
	The import java.time.Duration cannot be resolved
	Duration cannot be resolved
	Duration cannot be resolved
">
      <![CDATA[java.lang.Error: Unresolved compilation problems: 
The type java.time.Duration cannot be resolved. It is indirectly referenced from required .class files
The import java.time.Duration cannot be resolved
Duration cannot be resolved
Duration cannot be resolved

at org.tyss.ProvidenceSMS.genericUtility.WebDriverUtility.<init>(WebDriverUtility.java:1)
at org.tyss.ProvidenceSMS.genericUtility.BaseClass.classSetup(BaseClass.java:31)
at java.base/jdk.internal.reflect.NativeMethodAccessorImpl.invoke0(Native Method)
at java.base/jdk.internal.reflect.NativeMethodAccessorImpl.invoke(NativeMethodAccessorImpl.java:77)
at java.base/jdk.internal.reflect.DelegatingMethodAccessorImpl.invoke(DelegatingMethodAccessorImpl.java:43)
at java.base/java.lang.reflect.Method.invoke(Method.java:568)
at org.testng.internal.MethodInvocationHelper.invokeMethod(MethodInvocationHelper.java:133)
at org.testng.internal.MethodInvocationHelper.invokeMethodConsideringTimeout(MethodInvocationHelper.java:62)
at org.testng.internal.ConfigInvoker.invokeConfigurationMethod(ConfigInvoker.java:385)
at org.testng.internal.ConfigInvoker.invokeConfigurations(ConfigInvoker.java:321)
at org.testng.internal.TestMethodWorker.invokeBeforeClassMethods(TestMethodWorker.java:176)
at org.testng.internal.TestMethodWorker.run(TestMethodWorker.java:122)
at java.base/java.util.ArrayList.forEach(ArrayList.java:1511)
at org.testng.TestRunner.privateRun(TestRunner.java:794)
at org.testng.TestRunner.run(TestRunner.java:596)
at org.testng.SuiteRunner.runTest(SuiteRunner.java:377)
at org.testng.SuiteRunner.runSequentially(SuiteRunner.java:371)
at org.testng.SuiteRunner.privateRun(SuiteRunner.java:332)
at org.testng.SuiteRunner.run(SuiteRunner.java:276)
at org.testng.SuiteRunnerWorker.runSuite(SuiteRunnerWorker.java:53)
at org.testng.SuiteRunnerWorker.run(SuiteRunnerWorker.java:96)
at org.testng.TestNG.runSuitesSequentially(TestNG.java:1212)
at org.testng.TestNG.runSuitesLocally(TestNG.java:1134)
at org.testng.TestNG.runSuites(TestNG.java:1063)
at org.testng.TestNG.run(TestNG.java:1031)
at org.testng.remote.AbstractRemoteTestNG.run(AbstractRemoteTestNG.java:115)
at org.testng.remote.RemoteTestNG.initAndRun(RemoteTestNG.java:251)
at org.testng.remote.RemoteTestNG.main(RemoteTestNG.java:77)
]]>
    </failure>
  </testcase> <!-- @BeforeClass classSetup -->
  <testcase classname="org.tyss.ProvidenceSMS.genericUtility.BaseClass" name="@BeforeMethod methodSetup" time="-1.663693619826E9">
    <skipped/>
  </testcase> <!-- @BeforeMethod methodSetup -->
  <testcase classname="org.tyss.ProvidenceSMS.genericUtility.BaseClass" name="@AfterClass classTeardown" time="-1.663693619858E9">
    <skipped/>
  </testcase> <!-- @AfterClass classTeardown -->
  <testcase classname="org.ProvidenceSms.EndToEnd.GradeTest" name="gradeTest" time="0.0">
    <skipped/>
  </testcase> <!-- gradeTest -->
</testsuite> <!-- Default test -->
