<?xml version="1.0" encoding="UTF-8"?>
<testng-results ignored="0" total="1" passed="1" failed="0" skipped="0">
  <reporter-output>
  </reporter-output>
  <suite started-at="2022-09-20T13:10:26 IST" name="Default suite" finished-at="2022-09-20T13:10:40 IST" duration-ms="13372">
    <groups>
    </groups>
    <test started-at="2022-09-20T13:10:26 IST" name="Default test" finished-at="2022-09-20T13:10:40 IST" duration-ms="13372">
      <class name="org.sdet40.practice.MavenPracticeTest">
        <test-method signature="Step1Test()[pri:0, instance:org.sdet40.practice.MavenPracticeTest@25fb8912]" started-at="2022-09-20T13:10:26 IST" name="Step1Test" finished-at="2022-09-20T13:10:40 IST" duration-ms="13302" status="PASS">
          <reporter-output>
          </reporter-output>
        </test-method> <!-- Step1Test -->
      </class> <!-- org.sdet40.practice.MavenPracticeTest -->
    </test> <!-- Default test -->
  </suite> <!-- Default suite -->
</testng-results>
